<?xml version="1.0" encoding="UTF-8"?>
<testsuite name="com.example.userspring.repository.MemoryUserRepositoryTest" tests="3" skipped="0" failures="0" errors="0" timestamp="2024-03-26T07:33:18" hostname="DESKTOP-E54V6V8" time="0.149">
  <properties/>
  <testcase name="findAll()" classname="com.example.userspring.repository.MemoryUserRepositoryTest" time="0.142"/>
  <testcase name="findById()" classname="com.example.userspring.repository.MemoryUserRepositoryTest" time="0.002"/>
  <testcase name="add()" classname="com.example.userspring.repository.MemoryUserRepositoryTest" time="0.002"/>
  <system-out><![CDATA[]]></system-out>
  <system-err><![CDATA[]]></system-err>
</testsuite>
